<?xml version="1.0" encoding="UTF-8"?>
<!-- Generated by org.testng.reporters.JUnitReportReporter -->
<testsuite hostname="LAPTOP-OUVKAH54" failures="0" tests="4" name="testngproj.testngproj.NewTest" time="25.432" errors="0" timestamp="07 Mar 2024 08:34:14 GMT" skipped="0">
  <testcase classname="testngproj.testngproj.NewTest" name="Test1" time="2.368"/>
  <testcase classname="testngproj.testngproj.NewTest" name="Test3" time="6.251"/>
  <testcase classname="testngproj.testngproj.NewTest" name="Test4" time="7.376"/>
  <testcase classname="testngproj.testngproj.NewTest" name="Test2" time="9.437"/>
</testsuite> <!-- testngproj.testngproj.NewTest -->
